<?xml version="1.0" encoding="UTF-8"?>
<testng-results skipped="0" failed="0" total="1" passed="1">
  <reporter-output>
  </reporter-output>
  <suite name="Default suite" duration-ms="124" started-at="2016-07-29T00:13:53Z" finished-at="2016-07-29T00:13:53Z">
    <groups>
    </groups>
    <test name="Default test" duration-ms="124" started-at="2016-07-29T00:13:53Z" finished-at="2016-07-29T00:13:53Z">
      <class name="com.test.utils.TestClass">
        <test-method status="PASS" signature="testOutput()[pri:0, instance:com.test.utils.TestClass@76ae34]" name="testOutput" duration-ms="10" started-at="2016-07-28T17:13:53Z" finished-at="2016-07-28T17:13:53Z">
          <reporter-output>
          </reporter-output>
        </test-method> <!-- testOutput -->
      </class> <!-- com.test.utils.TestClass -->
    </test> <!-- Default test -->
  </suite> <!-- Default suite -->
</testng-results>
